This file contains any messages produced by compilers while
running configure, to aid debugging if configure makes a mistake.

It was created by configure, which was
generated by GNU Autoconf 2.69.  Invocation command line was

  $ ./configure 

## --------- ##
## Platform. ##
## --------- ##

hostname = Zachs-MBP.home
uname -m = x86_64
uname -r = 15.3.0
uname -s = Darwin
uname -v = Darwin Kernel Version 15.3.0: Thu Dec 10 18:40:58 PST 2015; root:xnu-3248.30.4~1/RELEASE_X86_64

/usr/bin/uname -p = i386
/bin/uname -X     = unknown

/bin/arch              = unknown
/usr/bin/arch -k       = unknown
/usr/convex/getsysinfo = unknown
/usr/bin/hostinfo      = Mach kernel version:
	 Darwin Kernel Version 15.3.0: Thu Dec 10 18:40:58 PST 2015; root:xnu-3248.30.4~1/RELEASE_X86_64
Kernel configured for up to 4 processors.
2 processors are physically available.
4 processors are logically available.
Processor type: x86_64h (Intel x86-64h Haswell)
Processors active: 0 1 2 3
Primary memory available: 8.00 gigabytes
Default processor set: 352 tasks, 1777 threads, 4 processors
Load average: 1.74, Mach factor: 2.26
/bin/machine           = unknown
/usr/bin/oslevel       = unknown
/bin/universe          = unknown

PATH: /opt/local/bin
PATH: /opt/local/sbin
PATH: /usr/local/bin
PATH: /usr/bin
PATH: /bin
PATH: /usr/sbin
PATH: /sbin
PATH: /Library/TeX/texbin


## ----------- ##
## Core tests. ##
## ----------- ##

configure:2340: checking for grep that handles long lines and -e
configure:2398: result: /usr/bin/grep
configure:2403: checking for egrep
configure:2465: result: /usr/bin/grep -E
configure:2470: checking for a sed that does not truncate output
configure:2524: result: /usr/bin/sed
configure:2656: checking for cc
configure:2672: found /usr/bin/cc
configure:2683: result: cc
configure:2714: checking for C compiler version
configure:2723: cc --version >&5
Apple LLVM version 7.3.0 (clang-703.0.29)
Target: x86_64-apple-darwin15.3.0
Thread model: posix
InstalledDir: /Library/Developer/CommandLineTools/usr/bin
configure:2734: $? = 0
configure:2723: cc -v >&5
Apple LLVM version 7.3.0 (clang-703.0.29)
Target: x86_64-apple-darwin15.3.0
Thread model: posix
InstalledDir: /Library/Developer/CommandLineTools/usr/bin
configure:2734: $? = 0
configure:2723: cc -V >&5
clang: error: argument to '-V' is missing (expected 1 value)
clang: error: no input files
configure:2734: $? = 1
configure:2723: cc -qversion >&5
clang: error: unknown argument: '-qversion'
clang: error: no input files
configure:2734: $? = 1
configure:2754: checking whether the C compiler works
configure:2776: cc    conftest.c  >&5
configure:2780: $? = 0
configure:2828: result: yes
configure:2831: checking for C compiler default output file name
configure:2833: result: a.out
configure:2839: checking for suffix of executables
configure:2846: cc -o conftest    conftest.c  >&5
configure:2850: $? = 0
configure:2872: result: 
configure:2894: checking whether we are cross compiling
configure:2902: cc -o conftest    conftest.c  >&5
configure:2906: $? = 0
configure:2913: ./conftest
configure:2917: $? = 0
configure:2932: result: no
configure:2937: checking for suffix of object files
configure:2959: cc -c   conftest.c >&5
configure:2963: $? = 0
configure:2984: result: o
configure:2988: checking whether we are using the GNU C compiler
configure:3007: cc -c   conftest.c >&5
configure:3007: $? = 0
configure:3016: result: yes
configure:3025: checking whether cc accepts -g
configure:3045: cc -c -g  conftest.c >&5
configure:3045: $? = 0
configure:3086: result: yes
configure:3103: checking for cc option to accept ISO C89
configure:3166: cc  -c -g -O2  conftest.c >&5
configure:3166: $? = 0
configure:3179: result: none needed
configure:3205: checking how to run the C preprocessor
configure:3236: cc -E  conftest.c
configure:3236: $? = 0
configure:3250: cc -E  conftest.c
conftest.c:9:10: fatal error: 'ac_nonexistent.h' file not found
#include <ac_nonexistent.h>
         ^
1 error generated.
configure:3250: $? = 1
configure: failed program was:
| /* confdefs.h */
| #define PACKAGE_NAME ""
| #define PACKAGE_TARNAME ""
| #define PACKAGE_VERSION ""
| #define PACKAGE_STRING ""
| #define PACKAGE_BUGREPORT ""
| #define PACKAGE_URL ""
| /* end confdefs.h.  */
| #include <ac_nonexistent.h>
configure:3275: result: cc -E
configure:3295: cc -E  conftest.c
configure:3295: $? = 0
configure:3309: cc -E  conftest.c
conftest.c:9:10: fatal error: 'ac_nonexistent.h' file not found
#include <ac_nonexistent.h>
         ^
1 error generated.
configure:3309: $? = 1
configure: failed program was:
| /* confdefs.h */
| #define PACKAGE_NAME ""
| #define PACKAGE_TARNAME ""
| #define PACKAGE_VERSION ""
| #define PACKAGE_STRING ""
| #define PACKAGE_BUGREPORT ""
| #define PACKAGE_URL ""
| /* end confdefs.h.  */
| #include <ac_nonexistent.h>
configure:3340: checking for icc
configure:3349: result: no
configure:3363: checking for suncc
configure:3372: result: no
configure:3390: checking whether cc understands -c and -o together
configure:3418: cc -c conftest.c -o conftest2.o >&5
configure:3422: $? = 0
configure:3428: cc -c conftest.c -o conftest2.o >&5
configure:3432: $? = 0
configure:3487: result: yes
configure:3501: checking for system library directory
configure:3516: result: lib
configure:3523: checking if compiler supports -R
configure:3542: cc -o conftest -g -O2   conftest.c -R /usr/lib  >&5
warning: unknown remark option '-R' [-Wunknown-warning-option]
1 warning generated.
ld: can't map file, errno=22 file '/usr/lib' for architecture x86_64
clang: error: linker command failed with exit code 1 (use -v to see invocation)
configure:3542: $? = 1
configure: failed program was:
| /* confdefs.h */
| #define PACKAGE_NAME ""
| #define PACKAGE_TARNAME ""
| #define PACKAGE_VERSION ""
| #define PACKAGE_STRING ""
| #define PACKAGE_BUGREPORT ""
| #define PACKAGE_URL ""
| /* end confdefs.h.  */
| 
| int
| main ()
| {
| 
|   ;
|   return 0;
| }
configure:3552: result: no
configure:3557: checking if compiler supports -Wl,-rpath,
configure:3576: cc -o conftest -g -O2   conftest.c -Wl,-rpath,/usr/lib  >&5
configure:3576: $? = 0
configure:3586: result: yes
configure:3631: checking build system type
configure:3645: result: x86_64-apple-darwin15.3.0
configure:3665: checking host system type
configure:3678: result: x86_64-apple-darwin15.3.0
configure:3698: checking target system type
configure:3711: result: x86_64-apple-darwin15.3.0
configure:3814: checking for PHP prefix
configure:3816: result: /usr
configure:3818: checking for PHP includes
configure:3820: result: -I/usr/include/php -I/usr/include/php/main -I/usr/include/php/TSRM -I/usr/include/php/Zend -I/usr/include/php/ext -I/usr/include/php/ext/date/lib
configure:3822: checking for PHP extension directory
configure:3824: result: /usr/lib/php/extensions/no-debug-non-zts-20121212
configure:3826: checking for PHP installed headers prefix
configure:3828: result: /usr/include/php
configure:3831: checking if debug is enabled
configure:3857: result: no
configure:3860: checking if zts is enabled
configure:3886: result: no
configure:3957: checking for re2c
configure:3987: result: no
configure:4012: WARNING: You will need re2c 0.13.4 or later if you want to regenerate PHP parsers.
configure:4026: checking for gawk
configure:4043: found /opt/local/bin/gawk
configure:4054: result: gawk
configure:4099: checking for geoip support
configure:4139: result: yes, shared
configure:4153: checking for geoip files in default path
configure:4158: result: found in /usr/local
configure:4158: result: found in /opt/local
configure:4310: checking for GeoIP_open in -lGeoIP
configure:4335: cc -o conftest -g -O2  -Wl,-rpath,/opt/local/lib -L/opt/local/lib  -lm conftest.c -lGeoIP   >&5
configure:4335: $? = 0
configure:4345: result: yes
configure:4565: checking for GeoIP_setup_custom_directory in -lGeoIP
configure:4590: cc -o conftest -g -O2  -Wl,-rpath,/opt/local/lib -L/opt/local/lib  -lm conftest.c -lGeoIP   >&5
configure:4590: $? = 0
configure:4600: result: yes
configure:4723: checking for GeoIP_set_charset in -lGeoIP
configure:4748: cc -o conftest -g -O2  -Wl,-rpath,/opt/local/lib -L/opt/local/lib  -lm conftest.c -lGeoIP   >&5
configure:4748: $? = 0
configure:4758: result: yes
configure:4881: checking for GeoIP_continent_by_id in -lGeoIP
configure:4906: cc -o conftest -g -O2  -Wl,-rpath,/opt/local/lib -L/opt/local/lib  -lm conftest.c -lGeoIP   >&5
configure:4906: $? = 0
configure:4916: result: yes
configure:5039: checking for GeoIP_addr_to_num in -lGeoIP
configure:5064: cc -o conftest -g -O2  -Wl,-rpath,/opt/local/lib -L/opt/local/lib  -lm conftest.c -lGeoIP   >&5
configure:5064: $? = 0
configure:5074: result: yes
configure:5099: checking whether GEOIP_NETSPEED_EDITION_REV1 is declared
configure:5099: cc -c -g -O2  conftest.c >&5
configure:5099: $? = 0
configure:5099: result: yes
configure:5111: checking whether GEOIP_ACCURACYRADIUS_EDITION is declared
configure:5111: cc -c -g -O2  conftest.c >&5
configure:5111: $? = 0
configure:5111: result: yes
configure:5123: checking for LGPL compatible GeoIP libs
configure:5143: result: cannot detect
configure:5147: checking library features to determine version (not acurate)
configure:5161: result: found 1005000
configure:5563: checking for ld used by cc
configure:5630: result: /Library/Developer/CommandLineTools/usr/bin/ld
configure:5637: checking if the linker (/Library/Developer/CommandLineTools/usr/bin/ld) is GNU ld
configure:5652: result: no
configure:5657: checking for /Library/Developer/CommandLineTools/usr/bin/ld option to reload object files
configure:5664: result: -r
configure:5682: checking for BSD-compatible nm
configure:5731: result: /usr/bin/nm -B
configure:5735: checking whether ln -s works
configure:5739: result: yes
configure:5746: checking how to recognize dependent libraries
configure:5932: result: pass_all
configure:6150: checking for ANSI C header files
configure:6170: cc -c -g -O2  conftest.c >&5
configure:6170: $? = 0
configure:6243: cc -o conftest -g -O2   conftest.c  >&5
configure:6243: $? = 0
configure:6243: ./conftest
configure:6243: $? = 0
configure:6254: result: yes
configure:6267: checking for sys/types.h
configure:6267: cc -c -g -O2  conftest.c >&5
configure:6267: $? = 0
configure:6267: result: yes
configure:6267: checking for sys/stat.h
configure:6267: cc -c -g -O2  conftest.c >&5
configure:6267: $? = 0
configure:6267: result: yes
configure:6267: checking for stdlib.h
configure:6267: cc -c -g -O2  conftest.c >&5
configure:6267: $? = 0
configure:6267: result: yes
configure:6267: checking for string.h
configure:6267: cc -c -g -O2  conftest.c >&5
configure:6267: $? = 0
configure:6267: result: yes
configure:6267: checking for memory.h
configure:6267: cc -c -g -O2  conftest.c >&5
configure:6267: $? = 0
configure:6267: result: yes
configure:6267: checking for strings.h
configure:6267: cc -c -g -O2  conftest.c >&5
configure:6267: $? = 0
configure:6267: result: yes
configure:6267: checking for inttypes.h
configure:6267: cc -c -g -O2  conftest.c >&5
configure:6267: $? = 0
configure:6267: result: yes
configure:6267: checking for stdint.h
configure:6267: cc -c -g -O2  conftest.c >&5
configure:6267: $? = 0
configure:6267: result: yes
configure:6267: checking for unistd.h
configure:6267: cc -c -g -O2  conftest.c >&5
configure:6267: $? = 0
configure:6267: result: yes
configure:6281: checking dlfcn.h usability
configure:6281: cc -c -g -O2  conftest.c >&5
configure:6281: $? = 0
configure:6281: result: yes
configure:6281: checking dlfcn.h presence
configure:6281: cc -E  conftest.c
configure:6281: $? = 0
configure:6281: result: yes
configure:6281: checking for dlfcn.h
configure:6281: result: yes
configure:6303: checking the maximum length of command line arguments
configure:6415: result: 196608
configure:6427: checking command to parse /usr/bin/nm -B output from cc object
configure:6532: cc -c -g -O2  conftest.c >&5
configure:6535: $? = 0
configure:6539: /usr/bin/nm -B conftest.o \| sed -n -e 's/^.*[ 	]\([BCDEGRST][BCDEGRST]*\)[ 	][ 	]*\([_A-Za-z][_A-Za-z0-9]*\)$/\1 \2 \2/p' \> conftest.nm
configure:6542: $? = 0
cannot find nm_test_var in conftest.nm
configure:6532: cc -c -g -O2  conftest.c >&5
configure:6535: $? = 0
configure:6539: /usr/bin/nm -B conftest.o \| sed -n -e 's/^.*[ 	]\([BCDEGRST][BCDEGRST]*\)[ 	][ 	]*_\([_A-Za-z][_A-Za-z0-9]*\)$/\1 _\2 \2/p' \> conftest.nm
configure:6542: $? = 0
configure:6594: cc -o conftest -g -O2   conftest.c conftstm.o >&5
warning: (x86_64)  could not find object file symbol for symbol _main
configure:6597: $? = 0
configure:6635: result: ok
configure:6639: checking for objdir
configure:6654: result: .libs
configure:6746: checking for ar
configure:6762: found /usr/bin/ar
configure:6773: result: ar
configure:6838: checking for ranlib
configure:6854: found /usr/bin/ranlib
configure:6865: result: ranlib
configure:6930: checking for strip
configure:6946: found /usr/bin/strip
configure:6957: result: strip
configure:7210: checking for dsymutil
configure:7226: found /usr/bin/dsymutil
configure:7237: result: dsymutil
configure:7302: checking for nmedit
configure:7318: found /usr/bin/nmedit
configure:7329: result: nmedit
configure:7352: checking for -single_module linker flag
configure:7373: result: yes
configure:7375: checking for -exported_symbols_list linker flag
configure:7391: cc -o conftest -g -O2   -Wl,-exported_symbols_list,conftest.sym conftest.c  >&5
configure:7394: $? = 0
configure:7408: result: yes
configure:7526: checking if cc supports -fno-rtti -fno-exceptions
configure:7544: cc -c -g -O2  -fno-rtti -fno-exceptions conftest.c >&5
configure:7548: $? = 0
configure:7561: result: yes
configure:7576: checking for cc option to produce PIC
configure:7816: result: -fno-common
configure:7824: checking if cc PIC flag -fno-common works
configure:7842: cc -c -g -O2  -fno-common -DPIC conftest.c >&5
configure:7846: $? = 0
configure:7859: result: yes
configure:7887: checking if cc static flag -static works
configure:7915: result: no
configure:7925: checking if cc supports -c -o file.o
configure:7946: cc -c -g -O2  -o out/conftest2.o conftest.c >&5
configure:7950: $? = 0
configure:7972: result: yes
configure:7998: checking whether the cc linker (/Library/Developer/CommandLineTools/usr/bin/ld) supports shared libraries
configure:8926: result: yes
configure:8993: checking dynamic linker characteristics
configure:9591: result: darwin15.3.0 dyld
configure:9615: checking how to hardcode library paths into programs
configure:9640: result: immediate
configure:9654: checking whether stripping libraries is possible
configure:9668: result: yes
configure:10176: checking if libtool supports shared libraries
configure:10178: result: yes
configure:10181: checking whether to build shared libraries
configure:10202: result: yes
configure:10205: checking whether to build static libraries
configure:10209: result: no
configure:10304: result:
creating libtool
configure:14003: creating ./config.status

## ---------------------- ##
## Running config.status. ##
## ---------------------- ##

This file was extended by config.status, which was
generated by GNU Autoconf 2.69.  Invocation command line was

  CONFIG_FILES    = 
  CONFIG_HEADERS  = 
  CONFIG_LINKS    = 
  CONFIG_COMMANDS = 
  $ ./config.status 

on Zachs-MBP.home

config.status:682: creating config.h

## ---------------- ##
## Cache variables. ##
## ---------------- ##

ac_cv_build=x86_64-apple-darwin15.3.0
ac_cv_c_compiler_gnu=yes
ac_cv_env_CC_set=
ac_cv_env_CC_value=
ac_cv_env_CFLAGS_set=
ac_cv_env_CFLAGS_value=
ac_cv_env_CPPFLAGS_set=
ac_cv_env_CPPFLAGS_value=
ac_cv_env_CPP_set=
ac_cv_env_CPP_value=
ac_cv_env_LDFLAGS_set=
ac_cv_env_LDFLAGS_value=
ac_cv_env_LIBS_set=
ac_cv_env_LIBS_value=
ac_cv_env_build_alias_set=
ac_cv_env_build_alias_value=
ac_cv_env_host_alias_set=
ac_cv_env_host_alias_value=
ac_cv_env_target_alias_set=
ac_cv_env_target_alias_value=
ac_cv_have_decl_GEOIP_ACCURACYRADIUS_EDITION=yes
ac_cv_have_decl_GEOIP_NETSPEED_EDITION_REV1=yes
ac_cv_header_dlfcn_h=yes
ac_cv_header_inttypes_h=yes
ac_cv_header_memory_h=yes
ac_cv_header_stdc=yes
ac_cv_header_stdint_h=yes
ac_cv_header_stdlib_h=yes
ac_cv_header_string_h=yes
ac_cv_header_strings_h=yes
ac_cv_header_sys_stat_h=yes
ac_cv_header_sys_types_h=yes
ac_cv_header_unistd_h=yes
ac_cv_host=x86_64-apple-darwin15.3.0
ac_cv_lib_GeoIP___GeoIP_addr_to_num=yes
ac_cv_lib_GeoIP___GeoIP_continent_by_id=yes
ac_cv_lib_GeoIP___GeoIP_open=yes
ac_cv_lib_GeoIP___GeoIP_set_charset=yes
ac_cv_lib_GeoIP___GeoIP_setup_custom_directory=yes
ac_cv_objext=o
ac_cv_path_EGREP='/usr/bin/grep -E'
ac_cv_path_GREP=/usr/bin/grep
ac_cv_prog_AWK=gawk
ac_cv_prog_CPP='cc -E'
ac_cv_prog_ac_ct_AR=ar
ac_cv_prog_ac_ct_CC=cc
ac_cv_prog_ac_ct_DSYMUTIL=dsymutil
ac_cv_prog_ac_ct_NMEDIT=nmedit
ac_cv_prog_ac_ct_RANLIB=ranlib
ac_cv_prog_ac_ct_STRIP=strip
ac_cv_prog_cc_c89=
ac_cv_prog_cc_cc_c_o=yes
ac_cv_prog_cc_g=yes
ac_cv_target=x86_64-apple-darwin15.3.0
lt_cv_apple_cc_single_mod=yes
lt_cv_deplibs_check_method=pass_all
lt_cv_file_magic_cmd='$MAGIC_CMD'
lt_cv_file_magic_test_file=
lt_cv_ld_exported_symbols_list=yes
lt_cv_ld_reload_flag=-r
lt_cv_objdir=.libs
lt_cv_path_LD=/Library/Developer/CommandLineTools/usr/bin/ld
lt_cv_path_NM='/usr/bin/nm -B'
lt_cv_path_SED=/usr/bin/sed
lt_cv_prog_compiler_c_o=yes
lt_cv_prog_compiler_pic_works=yes
lt_cv_prog_compiler_rtti_exceptions=yes
lt_cv_prog_compiler_static_works=no
lt_cv_prog_gnu_ld=no
lt_cv_sys_global_symbol_pipe='sed -n -e '\''s/^.*[ 	]\([BCDEGRST][BCDEGRST]*\)[ 	][ 	]*_\([_A-Za-z][_A-Za-z0-9]*\)$/\1 _\2 \2/p'\'''
lt_cv_sys_global_symbol_to_c_name_address='sed -n -e '\''s/^: \([^ ]*\) $/  {\"\1\", (lt_ptr) 0},/p'\'' -e '\''s/^[BCDEGRST] \([^ ]*\) \([^ ]*\)$/  {"\2", (lt_ptr) \&\2},/p'\'''
lt_cv_sys_global_symbol_to_cdecl='sed -n -e '\''s/^. .* \(.*\)$/extern int \1;/p'\'''
lt_cv_sys_lib_dlsearch_path_spec='/usr/local/lib /lib /usr/lib'
lt_cv_sys_lib_search_path_spec='/Library/Developer/CommandLineTools/usr/lib/clang/7.3.0 /usr/local/lib'
lt_cv_sys_max_cmd_len=196608
lt_lt_cv_prog_compiler_c_o='"yes"'
lt_lt_cv_sys_global_symbol_pipe='"sed -n -e '\''s/^.*[ 	]\\([BCDEGRST][BCDEGRST]*\\)[ 	][ 	]*_\\([_A-Za-z][_A-Za-z0-9]*\\)\$/\\1 _\\2 \\2/p'\''"'
lt_lt_cv_sys_global_symbol_to_c_name_address='"sed -n -e '\''s/^: \\([^ ]*\\) \$/  {\\\"\\1\\\", (lt_ptr) 0},/p'\'' -e '\''s/^[BCDEGRST] \\([^ ]*\\) \\([^ ]*\\)\$/  {\"\\2\", (lt_ptr) \\&\\2},/p'\''"'
lt_lt_cv_sys_global_symbol_to_cdecl='"sed -n -e '\''s/^. .* \\(.*\\)\$/extern int \\1;/p'\''"'
php_cv_cc_dashr=no
php_cv_cc_rpath=yes

## ----------------- ##
## Output variables. ##
## ----------------- ##

AR='ar'
AWK='gawk'
CC='cc'
CFLAGS='-g -O2'
CONFIGURE_COMMAND=' '\''./configure'\'' '
CONFIGURE_OPTIONS=''
CPP='cc -E'
CPPFLAGS=' -DHAVE_CONFIG_H'
DEFS='-DHAVE_CONFIG_H'
DSYMUTIL='dsymutil'
ECHO='/bin/echo'
ECHO_C='\c'
ECHO_N=''
ECHO_T=''
EGREP='/usr/bin/grep -E'
EXEEXT=''
GREP='/usr/bin/grep'
LDFLAGS=''
LIBOBJS=''
LIBS=''
LIBTOOL='$(SHELL) $(top_builddir)/libtool'
LN_S='ln -s'
LTLIBOBJS=''
NMEDIT='nmedit'
OBJEXT='o'
PACKAGE_BUGREPORT=''
PACKAGE_NAME=''
PACKAGE_STRING=''
PACKAGE_TARNAME=''
PACKAGE_URL=''
PACKAGE_VERSION=''
PATH_SEPARATOR=':'
RANLIB='ranlib'
RE2C='exit 0;'
SED='/usr/bin/sed'
SHELL='/bin/sh'
SHLIB_DL_SUFFIX_NAME='so'
SHLIB_SUFFIX_NAME='dylib'
STRIP='strip'
ac_ct_CC='cc'
bindir='${exec_prefix}/bin'
build='x86_64-apple-darwin15.3.0'
build_alias=''
build_cpu='x86_64'
build_os='darwin15.3.0'
build_vendor='apple'
datadir='${datarootdir}'
datarootdir='${prefix}/share'
docdir='${datarootdir}/doc/${PACKAGE}'
dvidir='${docdir}'
exec_prefix='$(prefix)'
host='x86_64-apple-darwin15.3.0'
host_alias='x86_64-apple-darwin15.3.0'
host_cpu='x86_64'
host_os='darwin15.3.0'
host_vendor='apple'
htmldir='${docdir}'
includedir='${prefix}/include'
infodir='${datarootdir}/info'
libdir='${exec_prefix}/lib'
libexecdir='${exec_prefix}/libexec'
localedir='${datarootdir}/locale'
localstatedir='${prefix}/var'
mandir='${datarootdir}/man'
oldincludedir='/usr/include'
pdfdir='${docdir}'
prefix='/usr'
program_transform_name='s,x,x,'
psdir='${docdir}'
sbindir='${exec_prefix}/sbin'
sharedstatedir='${prefix}/com'
sysconfdir='${prefix}/etc'
target='x86_64-apple-darwin15.3.0'
target_alias=''
target_cpu='x86_64'
target_os='darwin15.3.0'
target_vendor='apple'

## ----------- ##
## confdefs.h. ##
## ----------- ##

/* confdefs.h */
#define PACKAGE_NAME ""
#define PACKAGE_TARNAME ""
#define PACKAGE_VERSION ""
#define PACKAGE_STRING ""
#define PACKAGE_BUGREPORT ""
#define PACKAGE_URL ""
#define HAVE_GEOIPLIB 1
#define HAVE_CUSTOM_DIRECTORY 1
#define HAVE_SET_CHARSET 1
#define HAVE_CONTINENT_BY_ID 1
#define HAVE_ADDR_TO_NUM 1
#define LIBGEOIP_VERSION 1005000
#define COMPILE_DL_GEOIP 1
#define STDC_HEADERS 1
#define HAVE_SYS_TYPES_H 1
#define HAVE_SYS_STAT_H 1
#define HAVE_STDLIB_H 1
#define HAVE_STRING_H 1
#define HAVE_MEMORY_H 1
#define HAVE_STRINGS_H 1
#define HAVE_INTTYPES_H 1
#define HAVE_STDINT_H 1
#define HAVE_UNISTD_H 1
#define HAVE_DLFCN_H 1

configure: exit 0
